<?xml version="1.0"?>
<steps steps="5" order="2" nsimulations="2" nclimbings="2" niterations="2" convergence-factor="0.5" climbing-factor="0.1">
	<variable minimum="0" interval="1.5" type="random"/>
	<variable minimum="0" interval="1.5" type="extreme"/>
	<variable minimum="0" interval="1.5" type="extreme"/>
	<variable minimum="0" interval="1.5" type="extreme"/>
	<variable minimum="0" interval="1.5" type="extreme"/>
	<variable minimum="0" interval="1" type="random"/>
	<variable minimum="0" interval="1" type="random"/>
</steps>
