<?xml version="1.0"?>
<Runge-Kutta steps="2" order="2" nsimulations="2" nclimbings="2" niterations="2" convergence-factor="1" climbing-factor="1" time-accuracy="yes"/>
