<?xml version="1.0"?>
<steps steps="7" order="2" nsimulations="3" nclimbings="2" niterations="2" convergence-factor="0.5" climbing-factor="0.1">
	<variable minimum="0" interval="1" type="orthogonal"/>
	<variable minimum="0" interval="1" type="orthogonal"/>
	<variable minimum="0" interval="1" type="orthogonal"/>
	<variable minimum="0" interval="1" type="orthogonal"/>
	<variable minimum="0" interval="1" type="orthogonal"/>
	<variable minimum="0" interval="1" type="orthogonal"/>
	<variable minimum="0" interval="1.2" type="orthogonal"/>
	<variable minimum="0" interval="1.2" type="orthogonal"/>
	<variable minimum="0" interval="1.2" type="orthogonal"/>
	<variable minimum="0" interval="1.2" type="orthogonal"/>
	<variable minimum="0" interval="1.2" type="orthogonal"/>
</steps>
