<?xml version="1.0"?>
<Runge-Kutta steps="2" order="2" nsimulations="2" nclimbings="2" niterations="2" convergence-factor="0.5" climbing-factor="0.1" strong="yes">
	<variable minimum="0" interval="2" type="random"/>
	<ac nsimulations="2" nclimbings="2" niterations="2" convergence-factor="0.5" climbing-factor="0.1"/>
	<variable minimum="0" interval="2" type="random"/>
</Runge-Kutta>
