<?xml version="1.0"?>
<Runge-Kutta steps="6" order="3" pair="yes" nsimulations="2" nclimbings="2" niterations="2" convergence-factor="1" climbing-factor="1" time-accuracy="yes">
	<variable minimum="0" interval="1" type="top"/>
	<variable minimum="0" interval="1" type="top"/>
	<variable minimum="0" interval="1" type="top"/>
	<variable minimum="0" interval="1" type="top"/>
	<variable minimum="0" interval="1" type="top"/>
	<variable minimum="0" interval="1" type="top"/>
	<variable minimum="0" interval="1" type="top"/>
	<variable minimum="0" interval="1" type="top"/>
	<variable minimum="0" interval="1" type="top"/>
	<variable minimum="0" interval="1" type="top"/>
	<variable minimum="0" interval="1" type="top"/>
	<variable minimum="0" interval="1" type="top"/>
	<variable minimum="0" interval="1" type="top"/>
	<variable minimum="0" interval="1" type="top"/>
	<variable minimum="0" interval="1" type="top"/>
	<variable minimum="0" interval="1" type="top"/>
</Runge-Kutta>
