<?xml version="1.0"?>
<Runge-Kutta steps="6" order="3" nsimulations="2" nclimbings="2" niterations="2" convergence-factor="0.5" climbing-factor="0.1">
	<variable minimum="0" interval="1" type="top"/>
	<variable minimum="0" interval="1" type="top"/>
	<variable minimum="0" interval="1" type="top"/>
	<variable minimum="0" interval="1" type="top"/>
	<variable minimum="0" interval="1" type="top"/>
	<variable minimum="0" interval="1" type="top"/>
	<variable minimum="0" interval="1" type="top"/>
	<variable minimum="0" interval="1" type="top"/>
	<variable minimum="0" interval="1" type="top"/>
	<variable minimum="0" interval="1" type="top"/>
	<variable minimum="0" interval="1" type="top"/>
	<variable minimum="0" interval="1" type="top"/>
	<variable minimum="0" interval="1" type="top"/>
	<variable minimum="0" interval="1" type="top"/>
	<variable minimum="0" interval="1" type="top"/>
	<variable minimum="0" interval="1" type="top"/>
	<variable minimum="0" interval="1" type="top"/>
</Runge-Kutta>
